2016-09-27 23:38:16: [0mGET / [36m304 [0m35.898 ms - -[0m
2016-09-27 23:38:18: [0mGET /stylesheets/style.css [36m304 [0m7.377 ms - -[0m
2016-09-27 23:38:83: [0mGET / [32m200 [0m38.525 ms - 215[0m
2016-09-27 23:38:86: [0mGET /stylesheets/style.css [36m304 [0m4.882 ms - -[0m
2016-09-27 23:41:78: [0mGET /package/HotUpdateDemo/android/2.0/bundle/1.0.8/index.android.bundle.dskj?raw=1 [32m200 [0m9.705 ms - 154090[0m
2016-09-27 23:41:84: [0mGET /versions [32m200 [0m24.933 ms - 183[0m
2016-09-27 23:41:58: [0mGET /package/HotUpdateDemo/android/2.0/bundle/1.0.7/index.android.bundle.dskj?raw=1 [32m200 [0m9.657 ms - 154088[0m
2016-09-27 23:41:07: [0mGET /versions [32m200 [0m2.252 ms - 183[0m
2016-09-27 23:42:86: [0mGET /versions [32m200 [0m21.598 ms - 183[0m
2016-09-27 23:42:26: [0mGET /package/HotUpdateDemo/android/2.0/bundle/1.0.8/index.android.bundle.dskj?raw=1 [32m200 [0m11.327 ms - 154090[0m
2016-09-27 23:42:64: [0mGET /versions [32m200 [0m2.430 ms - 183[0m
2016-09-27 23:42:59: [0mGET /versions [32m200 [0m2.802 ms - 183[0m
2016-09-27 23:44:00: [0mGET /versions [32m200 [0m31.812 ms - 183[0m
2016-09-27 23:44:24: [0mGET /package/HotUpdateDemo/android/2.0/bundle/1.0.9/index.android.bundle.dskj?raw=1 [32m200 [0m8.570 ms - 154095[0m
2016-09-27 23:44:44: [0mGET /versions [32m200 [0m1.270 ms - 183[0m
2016-09-27 23:50:20: [0mGET /versions [32m200 [0m10.685 ms - 183[0m
2016-09-27 23:52:78: [0mGET /versions [32m200 [0m25.404 ms - 184[0m
2016-09-27 23:52:07: [0mGET /package/HotUpdateDemo/android/2.0/bundle/1.0.10/index.android.bundle.dskj?raw=1 [32m200 [0m9.868 ms - 154084[0m
2016-09-27 23:52:32: [0mGET /versions [32m200 [0m1.198 ms - 184[0m
2016-09-27 23:52:91: [0mGET /versions [32m200 [0m0.905 ms - 184[0m
2016-09-28 09:43:92: [0mGET / [32m200 [0m21.140 ms - 207[0m
2016-09-28 09:43:02: [0mGET /stylesheets/style.css [36m304 [0m5.335 ms - -[0m
2016-09-28 09:45:96: [0mGET /versions [32m200 [0m94.749 ms - 182[0m
2016-09-28 09:46:02: [0mGET /package/HotUpdateDemo/android/2.0/bundle/1.0.11/index.android.bundle.dskj?raw=1 [33m404 [0m54.018 ms - 1186[0m
2016-09-28 09:46:44: [0mGET /versions [32m200 [0m12.045 ms - 182[0m
2016-09-28 09:46:94: [0mGET /package/HotUpdateDemo/android/2.0/bundle/1.0.11/index.android.bundle.dskj?raw=1 [33m404 [0m13.686 ms - 1186[0m
2016-09-28 09:48:86: [0mGET /versions [32m200 [0m21.111 ms - 182[0m
2016-09-28 09:48:42: [0mGET /package/HotUpdateDemo/android/2.0/bundle/1.0.10/index.android.bundle.dskj?raw=1 [32m200 [0m16.086 ms - 154089[0m
2016-09-28 09:48:76: [0mGET /versions [32m200 [0m1.638 ms - 182[0m
2016-09-28 09:48:21: [0mGET /versions [32m200 [0m0.695 ms - 182[0m
2016-09-28 09:50:70: [0mGET /versions [32m200 [0m14.318 ms - 182[0m
2016-09-28 09:50:21: [0mGET /package/HotUpdateDemo/android/2.0/bundle/1.0.10/index.android.bundle.dskj?raw=1 [32m200 [0m7.829 ms - 154091[0m
2016-09-28 09:50:84: [0mGET /versions [32m200 [0m1.070 ms - 182[0m
2016-09-28 09:50:22: [0mGET /versions [32m200 [0m0.588 ms - 182[0m
2016-09-28 09:51:50: [0mGET /versions [32m200 [0m29.309 ms - 182[0m
2016-09-28 09:51:01: [0mGET /package/HotUpdateDemo/android/2.0/bundle/1.0.10/index.android.bundle.dskj?raw=1 [32m200 [0m11.915 ms - 154091[0m
2016-09-28 09:51:25: [0mGET /versions [32m200 [0m2.003 ms - 182[0m
2016-09-28 09:55:39: [0mGET /versions [32m200 [0m52.434 ms - 182[0m
2016-09-28 09:55:51: [0mGET /package/HotUpdateDemo/android/2.0/bundle/1.0.10/index.android.bundle.dskj?raw=1 [32m200 [0m20.364 ms - 154091[0m
2016-09-28 09:55:46: [0mGET /versions [32m200 [0m4.979 ms - 182[0m
2016-09-28 09:55:95: [0mGET /versions [32m200 [0m4.598 ms - 182[0m
2016-09-28 09:56:41: [0mGET /versions [32m200 [0m16.899 ms - 182[0m
2016-09-28 09:56:87: [0mGET /package/HotUpdateDemo/android/2.0/bundle/1.0.10/index.android.bundle.dskj?raw=1 [32m200 [0m15.951 ms - 154091[0m
2016-09-28 09:58:86: [0mGET /versions [32m200 [0m10.434 ms - 182[0m
2016-09-28 09:58:89: [0mGET /versions [32m200 [0m8.242 ms - 182[0m
2016-09-28 10:04:32: [0mGET /versions [32m200 [0m36.745 ms - 182[0m
2016-09-28 10:04:88: [0mGET /package/HotUpdateDemo/android/2.0/bundle/1.0.10/index.android.bundle.dskj?raw=1 [32m200 [0m32.289 ms - 154091[0m
2016-09-28 10:06:53: [0mGET /versions [32m200 [0m8.194 ms - 182[0m
2016-09-28 10:08:19: [0mGET /versions [32m200 [0m19.273 ms - 182[0m
2016-09-28 10:08:08: [0mGET /package/HotUpdateDemo/android/2.0/bundle/1.0.10/index.android.bundle.dskj?raw=1 [32m200 [0m9.509 ms - 154091[0m
2016-09-28 10:09:93: [0mGET /versions [32m200 [0m7.106 ms - 182[0m
2016-09-28 10:10:02: [0mGET /versions [32m200 [0m24.884 ms - 182[0m
2016-09-28 10:10:28: [0mGET /package/HotUpdateDemo/android/2.0/bundle/1.0.10/index.android.bundle.dskj?raw=1 [32m200 [0m8.098 ms - 154091[0m
2016-09-28 10:10:48: [0mGET /versions [32m200 [0m1.286 ms - 182[0m
2016-09-28 10:11:18: [0mGET /versions [32m200 [0m20.950 ms - 182[0m
2016-09-28 10:11:75: [0mGET /package/HotUpdateDemo/android/2.0/bundle/1.0.10/index.android.bundle.dskj?raw=1 [32m200 [0m9.663 ms - 154092[0m
2016-09-28 10:11:17: [0mGET /versions [32m200 [0m1.361 ms - 182[0m
2016-09-28 10:12:17: [0mGET /versions [32m200 [0m24.497 ms - 182[0m
2016-09-28 10:12:52: [0mGET /package/HotUpdateDemo/android/2.0/bundle/1.0.10/index.android.bundle.dskj?raw=1 [32m200 [0m5.279 ms - 154092[0m
2016-09-28 10:12:79: [0mGET /versions [32m200 [0m1.789 ms - 182[0m
2016-09-28 10:12:69: [0mGET /versions [32m200 [0m2.248 ms - 182[0m
2016-09-28 10:12:02: [0mGET /versions [32m200 [0m20.385 ms - 182[0m
2016-09-28 10:12:65: [0mGET /package/HotUpdateDemo/android/2.0/bundle/1.0.10/index.android.bundle.dskj?raw=1 [32m200 [0m8.653 ms - 154092[0m
2016-09-28 10:12:84: [0mGET /versions [32m200 [0m1.591 ms - 182[0m
2016-09-28 10:16:45: [0mGET /versions [32m200 [0m18.065 ms - 182[0m
2016-09-28 10:16:67: [0mGET /package/HotUpdateDemo/android/2.0/bundle/1.0.10/index.android.bundle.dskj?raw=1 [32m200 [0m15.120 ms - 154095[0m
2016-09-28 10:16:88: [0mGET /versions [32m200 [0m1.181 ms - 182[0m
2016-09-28 11:14:26: [0mGET /versions [32m200 [0m143.039 ms - 182[0m
2016-09-28 11:14:70: [0mGET /versions [32m200 [0m19.948 ms - 182[0m
2016-09-28 11:14:30: [0mGET /package/HotUpdateDemo/android/2.0/bundle/1.0.10/index.android.bundle.dskj?raw=1 [32m200 [0m15.004 ms - 154084[0m
2016-09-28 11:14:92: [0mGET /versions [32m200 [0m2.014 ms - 182[0m
2016-09-28 11:15:18: [0mGET /versions [32m200 [0m2.995 ms - 182[0m
2016-09-28 11:18:36: [0mGET /versions [32m200 [0m25.088 ms - 182[0m
2016-09-28 11:18:68: [0mGET /package/HotUpdateDemo/android/2.0/bundle/1.0.10/index.android.bundle.dskj?raw=1 [32m200 [0m7.383 ms - 154088[0m
2016-09-28 11:18:29: [0mGET /versions [32m200 [0m3.619 ms - 182[0m
